\BOOKMARK [1][-]{section.1}{Why Bayesian?}{}% 1
\BOOKMARK [2][-]{subsection.1.1}{Existence Of The Prior}{section.1}% 2
\BOOKMARK [2][-]{subsection.1.2}{Likelihood Principle}{section.1}% 3
\BOOKMARK [1][-]{section.2}{Statistical Decision Theory}{}% 4
\BOOKMARK [2][-]{subsection.2.1}{Formal Set-Up}{section.2}% 5
\BOOKMARK [2][-]{subsection.2.2}{Procedure Analysis}{section.2}% 6
\BOOKMARK [3][-]{subsubsection.2.2.1}{Frequentist Risk Perspective}{subsection.2.2}% 7
\BOOKMARK [3][-]{subsubsection.2.2.2}{Bayesian Risk Perspective}{subsection.2.2}% 8
\BOOKMARK [2][-]{subsection.2.3}{Types of Procedures}{section.2}% 9
\BOOKMARK [3][-]{subsubsection.2.3.1}{Parameter Estimation}{subsection.2.3}% 10
\BOOKMARK [3][-]{subsubsection.2.3.2}{Prediction}{subsection.2.3}% 11
\BOOKMARK [2][-]{subsection.2.4}{Loss Functions}{section.2}% 12
\BOOKMARK [1][-]{section.3}{Information Theory}{}% 13
\BOOKMARK [2][-]{subsection.3.1}{Entropy}{section.3}% 14
\BOOKMARK [2][-]{subsection.3.2}{KL Divergence}{section.3}% 15
\BOOKMARK [3][-]{subsubsection.3.2.1}{Cross Entropy as a Loss Function}{subsection.3.2}% 16
\BOOKMARK [3][-]{subsubsection.3.2.2}{Maximum Likelihood Estimation}{subsection.3.2}% 17
\BOOKMARK [2][-]{subsection.3.3}{Differential Entropy}{section.3}% 18
\BOOKMARK [2][-]{subsection.3.4}{Mutual Information}{section.3}% 19
\BOOKMARK [2][-]{subsection.3.5}{Maximum Entropy Principle}{section.3}% 20
\BOOKMARK [3][-]{subsubsection.3.5.1}{Examples}{subsection.3.5}% 21
\BOOKMARK [1][-]{section.4}{Notes}{}% 22
